<?xml version="1.0" encoding="UTF-8"?>
<!-- Generated by org.testng.reporters.JUnitXMLReporter -->
<testsuite ignored="0" hostname="DESKTOP-S19VPVL" failures="0" tests="6" name="Test" time="8.107" errors="0" timestamp="18 Sep 2022 13:08:04 GMT">
  <testcase classname="com.spryhealth.testcases.CheckPNRTest" name="checkvalidPNR" time="0.737"/>
  <testcase classname="com.spryhealth.testcases.CheckPNRTest" name="checkInvalidPNR" time="0.177"/>
  <testcase classname="com.spryhealth.testcases.CheckPNRTest" name="checkInvalidPNR2" time="0.145"/>
  <testcase classname="com.spryhealth.testcases.CheckPNRTest" name="checkInvalidPNR3" time="0.129"/>
  <testcase classname="com.spryhealth.testcases.CheckPNRTest" name="checkInvalidPNR4" time="0.243"/>
  <testcase classname="com.spryhealth.testcases.CheckPNRTest" name="checkvalidPNR2" time="1.305"/>
</testsuite> <!-- Test -->
