<?xml version="1.0" encoding="UTF-8"?>
<!-- Generated by org.testng.reporters.JUnitXMLReporter -->
<testsuite hostname="DESKTOP-S19VPVL" ignored="0" name="Test" tests="6" failures="0" timestamp="18 Sep 2022 17:12:18 GMT" time="12.895" errors="0">
  <testcase name="checkvalidPNR" time="1.337" classname="com.spryhealth.testcases.CheckPNRTest"/>
  <testcase name="checkInvalidPNR" time="1.441" classname="com.spryhealth.testcases.CheckPNRTest"/>
  <testcase name="checkInvalidPNR2" time="0.346" classname="com.spryhealth.testcases.CheckPNRTest"/>
  <testcase name="checkInvalidPNR3" time="0.282" classname="com.spryhealth.testcases.CheckPNRTest"/>
  <testcase name="checkInvalidPNR4" time="0.304" classname="com.spryhealth.testcases.CheckPNRTest"/>
  <testcase name="checkvalidPNR2" time="0.597" classname="com.spryhealth.testcases.CheckPNRTest"/>
</testsuite> <!-- Test -->
