<?xml version="1.0" encoding="UTF-8"?>
<testsuite xmlns:xsi="http://www.w3.org/2001/XMLSchema-instance" xsi:noNamespaceSchemaLocation="https://maven.apache.org/surefire/maven-surefire-plugin/xsd/surefire-test-report-3.0.xsd" version="3.0" name="TestSuite" time="11.237" tests="6" errors="0" skipped="0" failures="0">
  <properties>
[...]
</properties>
  <testcase name="checkvalidPNR" classname="com.spryhealth.testcases.CheckPNRTest" time="1.086">
    <system-out><![CDATA[[TestNGContentHandler] [WARN] It is strongly recommended to add "<!DOCTYPE suite SYSTEM "http://testng.org/testng-1.0.dtd" >" at the top of your file, otherwise TestNG may fail or not work as expected.
PNR number= 1234567890----Valid PNR.
]]></system-out>
    <system-err><![CDATA[Starting ChromeDriver 105.0.5195.52 (412c95e518836d8a7d97250d62b29c2ae6a26a85-refs/branch-heads/5195@{#853}) on port 1273
Only local connections are allowed.
Please see https://chromedriver.chromium.org/security-considerations for suggestions on keeping ChromeDriver safe.
ChromeDriver was started successfully.
Sep 19, 2022 8:43:06 PM org.openqa.selenium.remote.ProtocolHandshake createSession
INFO: Detected dialect: W3C
]]></system-err>
  </testcase>
  <testcase name="checkInvalidPNR" classname="com.spryhealth.testcases.CheckPNRTest" time="0.213">
    <system-out><![CDATA[PNR number= 1234----Error! PNR Number should be 10 digit numeric number.
]]></system-out>
  </testcase>
  <testcase name="checkInvalidPNR2" classname="com.spryhealth.testcases.CheckPNRTest" time="0.202">
    <system-out><![CDATA[PNR number= 0----Error! PNR Number should be 10 digit numeric number.
]]></system-out>
  </testcase>
  <testcase name="checkInvalidPNR3" classname="com.spryhealth.testcases.CheckPNRTest" time="0.171">
    <system-out><![CDATA[PNR number= 1----Error! PNR Number should be 10 digit numeric number.
]]></system-out>
  </testcase>
  <testcase name="checkInvalidPNR4" classname="com.spryhealth.testcases.CheckPNRTest" time="0.195">
    <system-out><![CDATA[PNR number= 2----Error! PNR Number should be 10 digit numeric number.
]]></system-out>
  </testcase>
  <testcase name="checkvalidPNR2" classname="com.spryhealth.testcases.CheckPNRTest" time="0.468">
    <system-out><![CDATA[PNR number= 1234568905----Valid PNR.
]]></system-out>
  </testcase>
</testsuite>