<?xml version="1.0" encoding="UTF-8"?>
<testng-results skipped="0" failed="0" ignored="0" total="6" passed="6">
  <reporter-output>
  </reporter-output>
  <suite name="Suite" duration-ms="12895" started-at="2022-09-18T17:12:05Z" finished-at="2022-09-18T17:12:18Z">
    <groups>
    </groups>
    <test name="Test" duration-ms="12895" started-at="2022-09-18T17:12:05Z" finished-at="2022-09-18T17:12:18Z">
      <class name="com.spryhealth.testcases.CheckPNRTest">
        <test-method status="PASS" signature="setupSuite()[pri:0, instance:com.spryhealth.testcases.CheckPNRTest@6ac13091]" name="setupSuite" is-config="true" duration-ms="964" started-at="2022-09-18T17:12:04Z" finished-at="2022-09-18T17:12:05Z">
          <reporter-output>
          </reporter-output>
        </test-method> <!-- setupSuite -->
        <test-method status="PASS" signature="setUp()[pri:0, instance:com.spryhealth.testcases.CheckPNRTest@6ac13091]" name="setUp" is-config="true" duration-ms="7799" started-at="2022-09-18T17:12:05Z" finished-at="2022-09-18T17:12:13Z">
          <reporter-output>
          </reporter-output>
        </test-method> <!-- setUp -->
        <test-method status="PASS" signature="checkvalidPNR()[pri:1, instance:com.spryhealth.testcases.CheckPNRTest@6ac13091]" name="checkvalidPNR" duration-ms="1337" started-at="2022-09-18T17:12:13Z" finished-at="2022-09-18T17:12:14Z">
          <reporter-output>
          </reporter-output>
        </test-method> <!-- checkvalidPNR -->
        <test-method status="PASS" signature="checkInvalidPNR()[pri:2, instance:com.spryhealth.testcases.CheckPNRTest@6ac13091]" name="checkInvalidPNR" duration-ms="1441" started-at="2022-09-18T17:12:14Z" finished-at="2022-09-18T17:12:16Z">
          <reporter-output>
          </reporter-output>
        </test-method> <!-- checkInvalidPNR -->
        <test-method status="PASS" signature="checkInvalidPNR2()[pri:3, instance:com.spryhealth.testcases.CheckPNRTest@6ac13091]" name="checkInvalidPNR2" duration-ms="346" started-at="2022-09-18T17:12:16Z" finished-at="2022-09-18T17:12:16Z">
          <reporter-output>
          </reporter-output>
        </test-method> <!-- checkInvalidPNR2 -->
        <test-method status="PASS" signature="checkInvalidPNR3()[pri:4, instance:com.spryhealth.testcases.CheckPNRTest@6ac13091]" name="checkInvalidPNR3" duration-ms="282" started-at="2022-09-18T17:12:16Z" finished-at="2022-09-18T17:12:16Z">
          <reporter-output>
          </reporter-output>
        </test-method> <!-- checkInvalidPNR3 -->
        <test-method status="PASS" signature="checkInvalidPNR4()[pri:5, instance:com.spryhealth.testcases.CheckPNRTest@6ac13091]" name="checkInvalidPNR4" duration-ms="304" started-at="2022-09-18T17:12:16Z" finished-at="2022-09-18T17:12:17Z">
          <reporter-output>
          </reporter-output>
        </test-method> <!-- checkInvalidPNR4 -->
        <test-method status="PASS" signature="checkvalidPNR2()[pri:6, instance:com.spryhealth.testcases.CheckPNRTest@6ac13091]" name="checkvalidPNR2" duration-ms="597" started-at="2022-09-18T17:12:17Z" finished-at="2022-09-18T17:12:17Z">
          <reporter-output>
          </reporter-output>
        </test-method> <!-- checkvalidPNR2 -->
        <test-method status="PASS" signature="tearDown()[pri:0, instance:com.spryhealth.testcases.CheckPNRTest@6ac13091]" name="tearDown" is-config="true" duration-ms="726" started-at="2022-09-18T17:12:17Z" finished-at="2022-09-18T17:12:18Z">
          <reporter-output>
          </reporter-output>
        </test-method> <!-- tearDown -->
      </class> <!-- com.spryhealth.testcases.CheckPNRTest -->
    </test> <!-- Test -->
  </suite> <!-- Suite -->
</testng-results>
