<?xml version="1.0" encoding="UTF-8"?>
<!-- Generated by org.testng.reporters.JUnitReportReporter -->
<testsuite skipped="0" hostname="DESKTOP-S19VPVL" name="com.spryhealth.testcases.CheckPNRTest" tests="6" failures="0" timestamp="19 Sep 2022 15:13:14 GMT" time="2.339" errors="0">
  <testcase name="checkvalidPNR" time="1.075" classname="com.spryhealth.testcases.CheckPNRTest"/>
  <testcase name="checkInvalidPNR" time="0.229" classname="com.spryhealth.testcases.CheckPNRTest"/>
  <testcase name="checkInvalidPNR2" time="0.197" classname="com.spryhealth.testcases.CheckPNRTest"/>
  <testcase name="checkInvalidPNR3" time="0.176" classname="com.spryhealth.testcases.CheckPNRTest"/>
  <testcase name="checkInvalidPNR4" time="0.194" classname="com.spryhealth.testcases.CheckPNRTest"/>
  <testcase name="checkvalidPNR2" time="0.468" classname="com.spryhealth.testcases.CheckPNRTest"/>
</testsuite> <!-- com.spryhealth.testcases.CheckPNRTest -->
